<?xml version="1.0" encoding="UTF-8"?>
<!-- Generated by org.testng.reporters.JUnitXMLReporter -->
<testsuite ignored="0" hostname="Shilpa" failures="1" tests="2" name="AllBrowsersExceptFirefoxSafariEdge" time="0.049" errors="0" timestamp="2024-02-07T12:12:55 IST">
  <testcase classname="com.LandingPages.CrossBrowserTesting" name="@BeforeMethod setUp" time="-1.707288175113E9">
    <failure type="org.testng.TestNGException" message="
Parameter &amp;apos;browser&amp;apos; is required by BeforeMethod on method setUp but has not been marked @Optional or defined
in C:\Shilpa\Cendrol\006_Script\LandingPages\testng.xml">
      <![CDATA[org.testng.TestNGException: 
Parameter 'browser' is required by BeforeMethod on method setUp but has not been marked @Optional or defined
in C:\Shilpa\Cendrol\006_Script\LandingPages\testng.xml
at java.base/java.util.ArrayList.forEach(ArrayList.java:1511)
at java.base/java.util.concurrent.FutureTask.run(FutureTask.java:264)
at java.base/java.util.concurrent.ThreadPoolExecutor.runWorker(ThreadPoolExecutor.java:1136)
at java.base/java.util.concurrent.ThreadPoolExecutor$Worker.run(ThreadPoolExecutor.java:635)
at java.base/java.lang.Thread.run(Thread.java:833)
... Removed 19 stack frames]]>
    </failure>
  </testcase> <!-- @BeforeMethod setUp -->
  <testcase classname="com.LandingPages.CrossBrowserTesting" name="@AfterMethod tearDown" time="-1.707288175125E9">
    <skipped/>
  </testcase> <!-- @AfterMethod tearDown -->
  <testcase classname="com.LandingPages.CrossBrowserTesting" name="formTesting" time="0.0">
    <skipped/>
  </testcase> <!-- formTesting -->
  <testcase classname="com.LandingPages.CrossBrowserTesting" name="launchURL" time="0.0">
    <failure type="org.testng.TestNGException" message="
Parameter &amp;apos;chrome&amp;apos; is required by @Test on method launchURL but has not been marked @Optional or defined
in C:\Shilpa\Cendrol\006_Script\LandingPages\testng.xml">
      <![CDATA[org.testng.TestNGException: 
Parameter 'chrome' is required by @Test on method launchURL but has not been marked @Optional or defined
in C:\Shilpa\Cendrol\006_Script\LandingPages\testng.xml
at java.base/java.util.ArrayList.forEach(ArrayList.java:1511)
at java.base/java.util.concurrent.FutureTask.run(FutureTask.java:264)
at java.base/java.util.concurrent.ThreadPoolExecutor.runWorker(ThreadPoolExecutor.java:1136)
at java.base/java.util.concurrent.ThreadPoolExecutor$Worker.run(ThreadPoolExecutor.java:635)
at java.base/java.lang.Thread.run(Thread.java:833)
... Removed 17 stack frames]]>
    </failure>
  </testcase> <!-- launchURL -->
</testsuite> <!-- AllBrowsersExceptFirefoxSafariEdge -->
